Thread 12:
Blocks: 9195558
Request: GRID_SCAN
Square: (128,128) to (384,384)
Thread 12:
Blocks: 88920
Request: GREEDY_RANGE_SCAN
Square: (128,128) to (384,384)
Thread 12:
Blocks: 110330
Request: PROGRESSIVE_SCAN
Square: (128,128) to (384,384)
Thread 12:
Blocks: 88920
Request: GREEDY_RANGE_SCAN
Square: (128,128) to (384,384)
Thread 12:
Blocks: 9195558
Request: GRID_SCAN
Square: (128,128) to (384,384)
Thread 12:
Blocks: 13571964
Request: GRID_SCAN
Square: (128,128) to (384,384)
Thread 12:
Blocks: 126635
Request: PROGRESSIVE_SCAN
Square: (128,128) to (384,384)
Thread 15:
Blocks: 38005
Request: GREEDY_RANGE_SCAN
Square: (128,128) to (384,384)
Thread 16:
Blocks: 38005
Request: GREEDY_RANGE_SCAN
Square: (128,128) to (384,384)
Thread 12:
Blocks: 107434
Request: PROGRESSIVE_SCAN
Square: (118,41) to (374,297)
Thread 15:
Blocks: 74540
Request: GREEDY_RANGE_SCAN
Square: (76,46) to (332,302)
Thread 16:
Blocks: 104606
Request: PROGRESSIVE_SCAN
Square: (130,97) to (386,353)
Thread 17:
Blocks: 96993
Request: PROGRESSIVE_SCAN
Square: (189,164) to (445,420)
Thread 17:
Blocks: 96993
Request: PROGRESSIVE_SCAN
Square: (189,164) to (445,420)
Thread 17:
Blocks: 96993
Request: PROGRESSIVE_SCAN
Square: (189,164) to (445,420)
Thread 18:
Blocks: 94997
Request: GREEDY_RANGE_SCAN
Square: (144,178) to (400,434)
Thread 18:
Blocks: 94997
Request: GREEDY_RANGE_SCAN
Square: (144,178) to (400,434)
Thread 18:
Blocks: 94997
Request: GREEDY_RANGE_SCAN
Square: (144,178) to (400,434)
Thread 18:
Blocks: 96993
Request: PROGRESSIVE_SCAN
Square: (111,186) to (367,442)
Thread 18:
Blocks: 96993
Request: PROGRESSIVE_SCAN
Square: (111,186) to (367,442)
Thread 18:
Blocks: 96993
Request: PROGRESSIVE_SCAN
Square: (111,186) to (367,442)
Thread 18:
Blocks: 94945
Request: GREEDY_RANGE_SCAN
Square: (111,186) to (367,442)
Thread 18:
Blocks: 94945
Request: GREEDY_RANGE_SCAN
Square: (111,186) to (367,442)
Thread 18:
Blocks: 94945
Request: GREEDY_RANGE_SCAN
Square: (111,186) to (367,442)
Thread 18:
Blocks: 94945
Request: GREEDY_RANGE_SCAN
Square: (111,186) to (367,442)
Thread 19:
Blocks: 96993
Request: PROGRESSIVE_SCAN
Square: (153,148) to (409,404)
Thread 19:
Blocks: 96993
Request: PROGRESSIVE_SCAN
Square: (153,148) to (409,404)
Thread 19:
Blocks: 96993
Request: PROGRESSIVE_SCAN
Square: (153,148) to (409,404)
Thread 19:
Blocks: 96993
Request: PROGRESSIVE_SCAN
Square: (153,148) to (409,404)
Thread 19:
Blocks: 96993
Request: PROGRESSIVE_SCAN
Square: (153,148) to (409,404)
Thread 19:
Blocks: 96993
Request: PROGRESSIVE_SCAN
Square: (153,148) to (409,404)
Thread 20:
Blocks: 95308
Request: GREEDY_RANGE_SCAN
Square: (85,100) to (341,356)
Thread 20:
Blocks: 95308
Request: GREEDY_RANGE_SCAN
Square: (85,100) to (341,356)
Thread 20:
Blocks: 95308
Request: GREEDY_RANGE_SCAN
Square: (85,100) to (341,356)
Thread 20:
Blocks: 95308
Request: GREEDY_RANGE_SCAN
Square: (85,100) to (341,356)
Thread 20:
Blocks: 96875
Request: GREEDY_RANGE_SCAN
Square: (85,100) to (341,356)
Thread 21:
Blocks: 8915467
Request: GRID_SCAN
Square: (85,100) to (341,356)
Thread 22:
Blocks: 126635
Request: PROGRESSIVE_SCAN
Square: (128,128) to (384,384)
Thread 23:
Blocks: 126635
Request: PROGRESSIVE_SCAN
Square: (128,128) to (384,384)
Thread 12:
Blocks: 126635
Request: PROGRESSIVE_SCAN
Square: (184,197) to (440,453)
Thread 12:
Blocks: 123471
Request: PROGRESSIVE_SCAN
Square: (62,224) to (318,480)
Thread 12:
Blocks: 123471
Request: PROGRESSIVE_SCAN
Square: (62,224) to (318,480)
Thread 12:
Blocks: 126635
Request: PROGRESSIVE_SCAN
Square: (91,175) to (347,431)
Thread 12:
Blocks: 126635
Request: PROGRESSIVE_SCAN
Square: (168,78) to (424,334)
Thread 12:
Blocks: 125661
Request: PROGRESSIVE_SCAN
Square: (13,74) to (269,330)
Thread 15:
Blocks: 126635
Request: PROGRESSIVE_SCAN
Square: (64,72) to (320,328)
Thread 15:
Blocks: 126635
Request: PROGRESSIVE_SCAN
Square: (64,72) to (320,328)
Thread 15:
Blocks: 126635
Request: PROGRESSIVE_SCAN
Square: (64,72) to (320,328)
Thread 15:
Blocks: 126635
Request: PROGRESSIVE_SCAN
Square: (64,72) to (320,328)
Thread 15:
Blocks: 126635
Request: PROGRESSIVE_SCAN
Square: (64,72) to (320,328)
Thread 15:
Blocks: 126635
Request: PROGRESSIVE_SCAN
Square: (64,72) to (320,328)
Thread 12:
Blocks: 110330
Request: PROGRESSIVE_SCAN
Square: (128,128) to (384,384)
Thread 15:
Blocks: 110330
Request: PROGRESSIVE_SCAN
Square: (128,128) to (384,384)
Thread 15:
Blocks: 110330
Request: PROGRESSIVE_SCAN
Square: (128,128) to (384,384)
Thread 15:
Blocks: 110330
Request: PROGRESSIVE_SCAN
Square: (128,128) to (384,384)
Thread 15:
Blocks: 110330
Request: PROGRESSIVE_SCAN
Square: (128,128) to (384,384)
Thread 15:
Blocks: 110330
Request: PROGRESSIVE_SCAN
Square: (128,128) to (384,384)
Thread 15:
Blocks: 110330
Request: PROGRESSIVE_SCAN
Square: (128,128) to (384,384)
Thread 12:
Blocks: 110330
Request: PROGRESSIVE_SCAN
Square: (128,128) to (384,384)
Thread 12:
Blocks: 88920
Request: GREEDY_RANGE_SCAN
Square: (128,128) to (384,384)
Thread 12:
Blocks: 88920
Request: GREEDY_RANGE_SCAN
Square: (128,128) to (384,384)
Thread 12:
Blocks: 88920
Request: GREEDY_RANGE_SCAN
Square: (128,128) to (384,384)
Thread 15:
Blocks: 88920
Request: GREEDY_RANGE_SCAN
Square: (128,128) to (384,384)
Thread 16:
Blocks: 110330
Request: PROGRESSIVE_SCAN
Square: (59,79) to (315,335)
Thread 16:
Blocks: 110330
Request: PROGRESSIVE_SCAN
Square: (59,79) to (315,335)
Thread 16:
Blocks: 110330
Request: PROGRESSIVE_SCAN
Square: (59,79) to (315,335)
Thread 16:
Blocks: 110330
Request: PROGRESSIVE_SCAN
Square: (59,79) to (315,335)
Thread 16:
Blocks: 110330
Request: PROGRESSIVE_SCAN
Square: (59,79) to (315,335)
Thread 16:
Blocks: 110330
Request: PROGRESSIVE_SCAN
Square: (59,79) to (315,335)
Thread 16:
Blocks: 89988
Request: GREEDY_RANGE_SCAN
Square: (59,79) to (315,335)
Thread 16:
Blocks: 88920
Request: GREEDY_RANGE_SCAN
Square: (117,136) to (373,392)
Thread 17:
Blocks: 9265722
Request: GRID_SCAN
Square: (104,164) to (360,420)
Thread 17:
Blocks: 9265722
Request: GRID_SCAN
Square: (104,164) to (360,420)
Thread 17:
Blocks: 9265722
Request: GRID_SCAN
Square: (104,164) to (360,420)
Thread 18:
Blocks: 9265722
Request: GRID_SCAN
Square: (104,164) to (360,420)
Thread 18:
Blocks: 10739292
Request: GRID_SCAN
Square: (215,119) to (471,375)
Thread 19:
Blocks: 9166041
Request: GRID_SCAN
Square: (171,70) to (427,326)
Thread 20:
Blocks: 110330
Request: PROGRESSIVE_SCAN
Square: (74,56) to (330,312)
Thread 12:
Blocks: 126635
Request: PROGRESSIVE_SCAN
Square: (72,198) to (328,454)
Thread 15:
Blocks: 11311988
Request: PROGRESSIVE_SCAN
Square: (0,512) to (1023,1536)
Thread 15:
Blocks: 11311988
Request: PROGRESSIVE_SCAN
Square: (0,512) to (1023,1536)
Thread 16:
Blocks: 11311988
Request: PROGRESSIVE_SCAN
Square: (0,512) to (1023,1536)
Thread 17:
Blocks: 11311988
Request: PROGRESSIVE_SCAN
Square: (0,512) to (1023,1536)
Thread 17:
Blocks: 11311988
Request: PROGRESSIVE_SCAN
Square: (0,512) to (1023,1536)
Thread 17:
Blocks: 11311988
Request: PROGRESSIVE_SCAN
Square: (0,512) to (1023,1536)
Thread 17:
Blocks: 89630
Request: GREEDY_RANGE_SCAN
Square: (139,188) to (395,444)
Thread 18:
Blocks: 90491
Request: GREEDY_RANGE_SCAN
Square: (38,158) to (294,414)
Thread 19:
Blocks: 88790
Request: GREEDY_RANGE_SCAN
Square: (67,193) to (323,449)
Thread 19:
Blocks: 89474
Request: GREEDY_RANGE_SCAN
Square: (135,208) to (391,464)
Thread 19:
Blocks: 95890
Request: GREEDY_RANGE_SCAN
Square: (217,199) to (473,455)
Thread 20:
Blocks: 89552
Request: GREEDY_RANGE_SCAN
Square: (184,193) to (440,449)
Thread 21:
Blocks: 87950
Request: GREEDY_RANGE_SCAN
Square: (97,199) to (353,455)
Thread 22:
Blocks: 88790
Request: GREEDY_RANGE_SCAN
Square: (142,192) to (398,448)
